  test_2.c
test_2.obj : error LNK2019: 无法解析的外部符号 numberofDay，函数 main 中引用了该符号
D:\C学习\C_CODE_LEARNING\test_20231222\x64\Debug\test_20231222.exe : fatal error LNK1120: 1 个无法解析的外部命令
